2013-09-06 22:19:11 [CLIENT] [INFO] Setting user: Player47
2013-09-06 22:19:11 [CLIENT] [INFO] LWJGL Version: 2.4.2
2013-09-06 22:19:23 [CLIENT] [INFO] Found animation info for: textures/blocks/lava_flow.txt
2013-09-06 22:19:23 [CLIENT] [INFO] Found animation info for: textures/blocks/water_flow.txt
2013-09-06 22:19:23 [CLIENT] [INFO] Found animation info for: textures/blocks/fire_0.txt
2013-09-06 22:19:23 [CLIENT] [INFO] Found animation info for: textures/blocks/fire_1.txt
2013-09-06 22:19:23 [CLIENT] [INFO] Found animation info for: textures/blocks/lava.txt
2013-09-06 22:19:23 [CLIENT] [INFO] Found animation info for: textures/blocks/portal.txt
2013-09-06 22:19:23 [CLIENT] [INFO] Found animation info for: textures/blocks/water.txt
2013-09-06 22:19:24 [CLIENT] [INFO] Found animation info for: textures/items/clock.txt
2013-09-06 22:19:24 [CLIENT] [INFO] Found animation info for: textures/items/compass.txt
2013-09-06 22:19:27 [CLIENT] [INFO] Found animation info for: textures/blocks/lava_flow.txt
2013-09-06 22:19:27 [CLIENT] [INFO] Found animation info for: textures/blocks/water_flow.txt
2013-09-06 22:19:27 [CLIENT] [INFO] Found animation info for: textures/blocks/fire_0.txt
2013-09-06 22:19:27 [CLIENT] [INFO] Found animation info for: textures/blocks/fire_1.txt
2013-09-06 22:19:27 [CLIENT] [INFO] Found animation info for: textures/blocks/lava.txt
2013-09-06 22:19:27 [CLIENT] [INFO] Found animation info for: textures/blocks/portal.txt
2013-09-06 22:19:27 [CLIENT] [INFO] Found animation info for: textures/blocks/water.txt
2013-09-06 22:19:28 [CLIENT] [INFO] Found animation info for: textures/items/clock.txt
2013-09-06 22:19:28 [CLIENT] [INFO] Found animation info for: textures/items/compass.txt
2013-09-06 22:19:40 [CLIENT] [INFO] Stopping!
2013-09-08 14:56:43 [CLIENT] [INFO] Setting user: Player235
2013-09-08 14:56:43 [CLIENT] [INFO] LWJGL Version: 2.4.2
2013-09-08 14:56:54 [CLIENT] [WARNING] TextureManager.createTexture called for file textures/blocks//kc/tile.Black Tiles.png, but that file does not exist. Ignoring.
2013-09-08 14:56:55 [CLIENT] [INFO] Found animation info for: textures/blocks/lava_flow.txt
2013-09-08 14:56:55 [CLIENT] [INFO] Found animation info for: textures/blocks/water_flow.txt
2013-09-08 14:56:55 [CLIENT] [INFO] Found animation info for: textures/blocks/fire_0.txt
2013-09-08 14:56:55 [CLIENT] [INFO] Found animation info for: textures/blocks/fire_1.txt
2013-09-08 14:56:55 [CLIENT] [INFO] Found animation info for: textures/blocks/lava.txt
2013-09-08 14:56:55 [CLIENT] [INFO] Found animation info for: textures/blocks/portal.txt
2013-09-08 14:56:55 [CLIENT] [INFO] Found animation info for: textures/blocks/water.txt
2013-09-08 14:56:56 [CLIENT] [INFO] Found animation info for: textures/items/clock.txt
2013-09-08 14:56:56 [CLIENT] [INFO] Found animation info for: textures/items/compass.txt
2013-09-08 14:56:57 [CLIENT] [WARNING] TextureManager.createTexture called for file textures/blocks//kc/tile.Black Tiles.png, but that file does not exist. Ignoring.
2013-09-08 14:56:58 [CLIENT] [INFO] Found animation info for: textures/blocks/lava_flow.txt
2013-09-08 14:56:58 [CLIENT] [INFO] Found animation info for: textures/blocks/water_flow.txt
2013-09-08 14:56:58 [CLIENT] [INFO] Found animation info for: textures/blocks/fire_0.txt
2013-09-08 14:56:58 [CLIENT] [INFO] Found animation info for: textures/blocks/fire_1.txt
2013-09-08 14:56:58 [CLIENT] [INFO] Found animation info for: textures/blocks/lava.txt
2013-09-08 14:56:58 [CLIENT] [INFO] Found animation info for: textures/blocks/portal.txt
2013-09-08 14:56:58 [CLIENT] [INFO] Found animation info for: textures/blocks/water.txt
2013-09-08 14:56:59 [CLIENT] [INFO] Found animation info for: textures/items/clock.txt
2013-09-08 14:56:59 [CLIENT] [INFO] Found animation info for: textures/items/compass.txt
2013-09-08 14:59:20 [CLIENT] [INFO] Setting user: Player781
2013-09-08 14:59:20 [CLIENT] [INFO] LWJGL Version: 2.4.2
2013-09-08 14:59:29 [CLIENT] [WARNING] TextureManager.createTexture called for file textures/blocks//kc/tile.Black Tiles.png, but that file does not exist. Ignoring.
2013-09-08 14:59:31 [CLIENT] [INFO] Found animation info for: textures/blocks/lava_flow.txt
2013-09-08 14:59:31 [CLIENT] [INFO] Found animation info for: textures/blocks/water_flow.txt
2013-09-08 14:59:31 [CLIENT] [INFO] Found animation info for: textures/blocks/fire_0.txt
2013-09-08 14:59:31 [CLIENT] [INFO] Found animation info for: textures/blocks/fire_1.txt
2013-09-08 14:59:31 [CLIENT] [INFO] Found animation info for: textures/blocks/lava.txt
2013-09-08 14:59:31 [CLIENT] [INFO] Found animation info for: textures/blocks/portal.txt
2013-09-08 14:59:31 [CLIENT] [INFO] Found animation info for: textures/blocks/water.txt
2013-09-08 14:59:31 [CLIENT] [INFO] Found animation info for: textures/items/clock.txt
2013-09-08 14:59:31 [CLIENT] [INFO] Found animation info for: textures/items/compass.txt
2013-09-08 14:59:32 [CLIENT] [WARNING] TextureManager.createTexture called for file textures/blocks//kc/tile.Black Tiles.png, but that file does not exist. Ignoring.
2013-09-08 14:59:33 [CLIENT] [INFO] Found animation info for: textures/blocks/lava_flow.txt
2013-09-08 14:59:33 [CLIENT] [INFO] Found animation info for: textures/blocks/water_flow.txt
2013-09-08 14:59:33 [CLIENT] [INFO] Found animation info for: textures/blocks/fire_0.txt
2013-09-08 14:59:33 [CLIENT] [INFO] Found animation info for: textures/blocks/fire_1.txt
2013-09-08 14:59:33 [CLIENT] [INFO] Found animation info for: textures/blocks/lava.txt
2013-09-08 14:59:33 [CLIENT] [INFO] Found animation info for: textures/blocks/portal.txt
2013-09-08 14:59:33 [CLIENT] [INFO] Found animation info for: textures/blocks/water.txt
2013-09-08 14:59:34 [CLIENT] [INFO] Found animation info for: textures/items/clock.txt
2013-09-08 14:59:35 [CLIENT] [INFO] Found animation info for: textures/items/compass.txt
2013-09-08 15:19:46 [CLIENT] [INFO] Setting user: Player160
2013-09-08 15:19:46 [CLIENT] [INFO] LWJGL Version: 2.4.2
2013-09-08 15:19:55 [CLIENT] [WARNING] TextureManager.createTexture called for file textures/blocks//kc/black.png, but that file does not exist. Ignoring.
2013-09-08 15:19:55 [CLIENT] [WARNING] TextureManager.createTexture called for file textures/blocks//kc/tile.Black Tiles.png, but that file does not exist. Ignoring.
2013-09-08 15:19:55 [CLIENT] [WARNING] TextureManager.createTexture called for file textures/blocks//kc/green.png, but that file does not exist. Ignoring.
2013-09-08 15:19:56 [CLIENT] [WARNING] TextureManager.createTexture called for file textures/blocks//kc/blue.png, but that file does not exist. Ignoring.
2013-09-08 15:19:56 [CLIENT] [WARNING] TextureManager.createTexture called for file textures/blocks//kc/red.png, but that file does not exist. Ignoring.
2013-09-08 15:19:57 [CLIENT] [INFO] Found animation info for: textures/blocks/lava_flow.txt
2013-09-08 15:19:57 [CLIENT] [INFO] Found animation info for: textures/blocks/water_flow.txt
2013-09-08 15:19:57 [CLIENT] [INFO] Found animation info for: textures/blocks/fire_0.txt
2013-09-08 15:19:57 [CLIENT] [INFO] Found animation info for: textures/blocks/fire_1.txt
2013-09-08 15:19:57 [CLIENT] [INFO] Found animation info for: textures/blocks/lava.txt
2013-09-08 15:19:57 [CLIENT] [INFO] Found animation info for: textures/blocks/portal.txt
2013-09-08 15:19:57 [CLIENT] [INFO] Found animation info for: textures/blocks/water.txt
2013-09-08 15:19:57 [CLIENT] [INFO] Found animation info for: textures/items/clock.txt
2013-09-08 15:19:57 [CLIENT] [INFO] Found animation info for: textures/items/compass.txt
2013-09-08 15:19:58 [CLIENT] [WARNING] TextureManager.createTexture called for file textures/blocks//kc/black.png, but that file does not exist. Ignoring.
2013-09-08 15:19:58 [CLIENT] [WARNING] TextureManager.createTexture called for file textures/blocks//kc/tile.Black Tiles.png, but that file does not exist. Ignoring.
2013-09-08 15:19:58 [CLIENT] [WARNING] TextureManager.createTexture called for file textures/blocks//kc/green.png, but that file does not exist. Ignoring.
2013-09-08 15:19:59 [CLIENT] [WARNING] TextureManager.createTexture called for file textures/blocks//kc/blue.png, but that file does not exist. Ignoring.
2013-09-08 15:20:00 [CLIENT] [WARNING] TextureManager.createTexture called for file textures/blocks//kc/red.png, but that file does not exist. Ignoring.
2013-09-08 15:20:00 [CLIENT] [INFO] Found animation info for: textures/blocks/lava_flow.txt
2013-09-08 15:20:00 [CLIENT] [INFO] Found animation info for: textures/blocks/water_flow.txt
2013-09-08 15:20:00 [CLIENT] [INFO] Found animation info for: textures/blocks/fire_0.txt
2013-09-08 15:20:00 [CLIENT] [INFO] Found animation info for: textures/blocks/fire_1.txt
2013-09-08 15:20:00 [CLIENT] [INFO] Found animation info for: textures/blocks/lava.txt
2013-09-08 15:20:00 [CLIENT] [INFO] Found animation info for: textures/blocks/portal.txt
2013-09-08 15:20:00 [CLIENT] [INFO] Found animation info for: textures/blocks/water.txt
2013-09-08 15:20:01 [CLIENT] [INFO] Found animation info for: textures/items/clock.txt
2013-09-08 15:20:01 [CLIENT] [INFO] Found animation info for: textures/items/compass.txt
2013-10-21 17:21:45 [CLIENT] [INFO] Setting user: Player46
2013-10-21 17:21:45 [CLIENT] [INFO] LWJGL Version: 2.4.2
2013-10-21 17:21:55 [CLIENT] [WARNING] TextureManager.createTexture called for file textures/blocks/kc/green.png, but that file does not exist. Ignoring.
2013-10-21 17:21:55 [CLIENT] [WARNING] TextureManager.createTexture called for file textures/blocks/kc/blue.png, but that file does not exist. Ignoring.
2013-10-21 17:21:55 [CLIENT] [WARNING] TextureManager.createTexture called for file textures/blocks/kc/black.png, but that file does not exist. Ignoring.
2013-10-21 17:21:55 [CLIENT] [WARNING] TextureManager.createTexture called for file textures/blocks/kc/red.png, but that file does not exist. Ignoring.
2013-10-21 17:21:55 [CLIENT] [WARNING] TextureManager.createTexture called for file textures/blocks/kc/tile.Black Tiles.png, but that file does not exist. Ignoring.
2013-10-21 17:21:55 [CLIENT] [INFO] Found animation info for: textures/blocks/lava_flow.txt
2013-10-21 17:21:55 [CLIENT] [INFO] Found animation info for: textures/blocks/water_flow.txt
2013-10-21 17:21:55 [CLIENT] [INFO] Found animation info for: textures/blocks/fire_0.txt
2013-10-21 17:21:55 [CLIENT] [INFO] Found animation info for: textures/blocks/fire_1.txt
2013-10-21 17:21:55 [CLIENT] [INFO] Found animation info for: textures/blocks/lava.txt
2013-10-21 17:21:55 [CLIENT] [INFO] Found animation info for: textures/blocks/portal.txt
2013-10-21 17:21:55 [CLIENT] [INFO] Found animation info for: textures/blocks/water.txt
2013-10-21 17:21:56 [CLIENT] [WARNING] TextureManager.createTexture called for file textures/items/null.png, but that file does not exist. Ignoring.
2013-10-21 17:21:56 [CLIENT] [WARNING] TextureManager.createTexture called for file textures/items/mod/smallGasCan.png, but that file does not exist. Ignoring.
2013-10-21 17:21:56 [CLIENT] [INFO] Found animation info for: textures/items/clock.txt
2013-10-21 17:21:56 [CLIENT] [INFO] Found animation info for: textures/items/compass.txt
2013-10-21 17:21:56 [CLIENT] [WARNING] TextureManager.createTexture called for file textures/blocks/kc/green.png, but that file does not exist. Ignoring.
2013-10-21 17:21:56 [CLIENT] [WARNING] TextureManager.createTexture called for file textures/blocks/kc/blue.png, but that file does not exist. Ignoring.
2013-10-21 17:21:56 [CLIENT] [WARNING] TextureManager.createTexture called for file textures/blocks/kc/black.png, but that file does not exist. Ignoring.
2013-10-21 17:21:56 [CLIENT] [WARNING] TextureManager.createTexture called for file textures/blocks/kc/red.png, but that file does not exist. Ignoring.
2013-10-21 17:21:56 [CLIENT] [WARNING] TextureManager.createTexture called for file textures/blocks/kc/tile.Black Tiles.png, but that file does not exist. Ignoring.
2013-10-21 17:21:56 [CLIENT] [INFO] Found animation info for: textures/blocks/lava_flow.txt
2013-10-21 17:21:56 [CLIENT] [INFO] Found animation info for: textures/blocks/water_flow.txt
2013-10-21 17:21:56 [CLIENT] [INFO] Found animation info for: textures/blocks/fire_0.txt
2013-10-21 17:21:56 [CLIENT] [INFO] Found animation info for: textures/blocks/fire_1.txt
2013-10-21 17:21:56 [CLIENT] [INFO] Found animation info for: textures/blocks/lava.txt
2013-10-21 17:21:56 [CLIENT] [INFO] Found animation info for: textures/blocks/portal.txt
2013-10-21 17:21:56 [CLIENT] [INFO] Found animation info for: textures/blocks/water.txt
2013-10-21 17:21:56 [CLIENT] [WARNING] TextureManager.createTexture called for file textures/items/null.png, but that file does not exist. Ignoring.
2013-10-21 17:21:56 [CLIENT] [WARNING] TextureManager.createTexture called for file textures/items/mod/smallGasCan.png, but that file does not exist. Ignoring.
2013-10-21 17:21:56 [CLIENT] [INFO] Found animation info for: textures/items/clock.txt
2013-10-21 17:21:56 [CLIENT] [INFO] Found animation info for: textures/items/compass.txt
2013-10-21 17:23:49 [CLIENT] [INFO] Stopping!
2013-10-21 17:26:53 [CLIENT] [INFO] Setting user: Player370
2013-10-21 17:26:53 [CLIENT] [INFO] LWJGL Version: 2.4.2
2013-10-21 17:26:56 [CLIENT] [WARNING] TextureManager.createTexture called for file textures/blocks/kc/green.png, but that file does not exist. Ignoring.
2013-10-21 17:26:56 [CLIENT] [WARNING] TextureManager.createTexture called for file textures/blocks/kc/blue.png, but that file does not exist. Ignoring.
2013-10-21 17:26:56 [CLIENT] [WARNING] TextureManager.createTexture called for file textures/blocks/kc/black.png, but that file does not exist. Ignoring.
2013-10-21 17:26:56 [CLIENT] [WARNING] TextureManager.createTexture called for file textures/blocks/kc/red.png, but that file does not exist. Ignoring.
2013-10-21 17:26:56 [CLIENT] [WARNING] TextureManager.createTexture called for file textures/blocks/kc/tile.Black Tiles.png, but that file does not exist. Ignoring.
2013-10-21 17:26:56 [CLIENT] [INFO] Found animation info for: textures/blocks/lava_flow.txt
2013-10-21 17:26:56 [CLIENT] [INFO] Found animation info for: textures/blocks/water_flow.txt
2013-10-21 17:26:56 [CLIENT] [INFO] Found animation info for: textures/blocks/fire_0.txt
2013-10-21 17:26:56 [CLIENT] [INFO] Found animation info for: textures/blocks/fire_1.txt
2013-10-21 17:26:56 [CLIENT] [INFO] Found animation info for: textures/blocks/lava.txt
2013-10-21 17:26:56 [CLIENT] [INFO] Found animation info for: textures/blocks/portal.txt
2013-10-21 17:26:56 [CLIENT] [INFO] Found animation info for: textures/blocks/water.txt
2013-10-21 17:26:57 [CLIENT] [WARNING] TextureManager.createTexture called for file textures/items/null.png, but that file does not exist. Ignoring.
2013-10-21 17:26:57 [CLIENT] [WARNING] TextureManager.createTexture called for file textures/items/mod/smallGasCan.png, but that file does not exist. Ignoring.
2013-10-21 17:26:57 [CLIENT] [INFO] Found animation info for: textures/items/clock.txt
2013-10-21 17:26:57 [CLIENT] [INFO] Found animation info for: textures/items/compass.txt
2013-10-21 17:26:57 [CLIENT] [WARNING] TextureManager.createTexture called for file textures/blocks/kc/green.png, but that file does not exist. Ignoring.
2013-10-21 17:26:57 [CLIENT] [WARNING] TextureManager.createTexture called for file textures/blocks/kc/blue.png, but that file does not exist. Ignoring.
2013-10-21 17:26:57 [CLIENT] [WARNING] TextureManager.createTexture called for file textures/blocks/kc/black.png, but that file does not exist. Ignoring.
2013-10-21 17:26:57 [CLIENT] [WARNING] TextureManager.createTexture called for file textures/blocks/kc/red.png, but that file does not exist. Ignoring.
2013-10-21 17:26:57 [CLIENT] [WARNING] TextureManager.createTexture called for file textures/blocks/kc/tile.Black Tiles.png, but that file does not exist. Ignoring.
2013-10-21 17:26:57 [CLIENT] [INFO] Found animation info for: textures/blocks/lava_flow.txt
2013-10-21 17:26:57 [CLIENT] [INFO] Found animation info for: textures/blocks/water_flow.txt
2013-10-21 17:26:57 [CLIENT] [INFO] Found animation info for: textures/blocks/fire_0.txt
2013-10-21 17:26:57 [CLIENT] [INFO] Found animation info for: textures/blocks/fire_1.txt
2013-10-21 17:26:57 [CLIENT] [INFO] Found animation info for: textures/blocks/lava.txt
2013-10-21 17:26:57 [CLIENT] [INFO] Found animation info for: textures/blocks/portal.txt
2013-10-21 17:26:57 [CLIENT] [INFO] Found animation info for: textures/blocks/water.txt
2013-10-21 17:26:57 [CLIENT] [WARNING] TextureManager.createTexture called for file textures/items/null.png, but that file does not exist. Ignoring.
2013-10-21 17:26:57 [CLIENT] [WARNING] TextureManager.createTexture called for file textures/items/mod/smallGasCan.png, but that file does not exist. Ignoring.
2013-10-21 17:26:57 [CLIENT] [INFO] Found animation info for: textures/items/clock.txt
2013-10-21 17:26:57 [CLIENT] [INFO] Found animation info for: textures/items/compass.txt
2013-10-21 17:28:38 [CLIENT] [INFO] Stopping!
2013-10-21 17:51:14 [CLIENT] [INFO] Setting user: Player832
2013-10-21 17:51:14 [CLIENT] [INFO] LWJGL Version: 2.4.2
2013-10-21 17:51:17 [CLIENT] [WARNING] TextureManager.createTexture called for file textures/blocks/kc/green.png, but that file does not exist. Ignoring.
2013-10-21 17:51:17 [CLIENT] [WARNING] TextureManager.createTexture called for file textures/blocks/kc/blue.png, but that file does not exist. Ignoring.
2013-10-21 17:51:17 [CLIENT] [WARNING] TextureManager.createTexture called for file textures/blocks/kc/black.png, but that file does not exist. Ignoring.
2013-10-21 17:51:17 [CLIENT] [WARNING] TextureManager.createTexture called for file textures/blocks/kc/red.png, but that file does not exist. Ignoring.
2013-10-21 17:51:17 [CLIENT] [WARNING] TextureManager.createTexture called for file textures/blocks/kc/tile.Black Tiles.png, but that file does not exist. Ignoring.
2013-10-21 17:51:17 [CLIENT] [INFO] Found animation info for: textures/blocks/lava_flow.txt
2013-10-21 17:51:17 [CLIENT] [INFO] Found animation info for: textures/blocks/water_flow.txt
2013-10-21 17:51:17 [CLIENT] [INFO] Found animation info for: textures/blocks/fire_0.txt
2013-10-21 17:51:17 [CLIENT] [INFO] Found animation info for: textures/blocks/fire_1.txt
2013-10-21 17:51:17 [CLIENT] [INFO] Found animation info for: textures/blocks/lava.txt
2013-10-21 17:51:17 [CLIENT] [INFO] Found animation info for: textures/blocks/portal.txt
2013-10-21 17:51:17 [CLIENT] [INFO] Found animation info for: textures/blocks/water.txt
2013-10-21 17:51:17 [CLIENT] [WARNING] TextureManager.createTexture called for file textures/items/null.png, but that file does not exist. Ignoring.
2013-10-21 17:51:17 [CLIENT] [WARNING] TextureManager.createTexture called for file textures/items/mod/medGasCan.png, but that file does not exist. Ignoring.
2013-10-21 17:51:17 [CLIENT] [WARNING] TextureManager.createTexture called for file textures/items/mod/smallGasCan.png, but that file does not exist. Ignoring.
2013-10-21 17:51:17 [CLIENT] [INFO] Found animation info for: textures/items/clock.txt
2013-10-21 17:51:17 [CLIENT] [INFO] Found animation info for: textures/items/compass.txt
2013-10-21 17:51:17 [CLIENT] [WARNING] TextureManager.createTexture called for file textures/blocks/kc/green.png, but that file does not exist. Ignoring.
2013-10-21 17:51:17 [CLIENT] [WARNING] TextureManager.createTexture called for file textures/blocks/kc/blue.png, but that file does not exist. Ignoring.
2013-10-21 17:51:17 [CLIENT] [WARNING] TextureManager.createTexture called for file textures/blocks/kc/black.png, but that file does not exist. Ignoring.
2013-10-21 17:51:17 [CLIENT] [WARNING] TextureManager.createTexture called for file textures/blocks/kc/red.png, but that file does not exist. Ignoring.
2013-10-21 17:51:17 [CLIENT] [WARNING] TextureManager.createTexture called for file textures/blocks/kc/tile.Black Tiles.png, but that file does not exist. Ignoring.
2013-10-21 17:51:17 [CLIENT] [INFO] Found animation info for: textures/blocks/lava_flow.txt
2013-10-21 17:51:17 [CLIENT] [INFO] Found animation info for: textures/blocks/water_flow.txt
2013-10-21 17:51:18 [CLIENT] [INFO] Found animation info for: textures/blocks/fire_0.txt
2013-10-21 17:51:18 [CLIENT] [INFO] Found animation info for: textures/blocks/fire_1.txt
2013-10-21 17:51:18 [CLIENT] [INFO] Found animation info for: textures/blocks/lava.txt
2013-10-21 17:51:18 [CLIENT] [INFO] Found animation info for: textures/blocks/portal.txt
2013-10-21 17:51:18 [CLIENT] [INFO] Found animation info for: textures/blocks/water.txt
2013-10-21 17:51:18 [CLIENT] [WARNING] TextureManager.createTexture called for file textures/items/null.png, but that file does not exist. Ignoring.
2013-10-21 17:51:18 [CLIENT] [WARNING] TextureManager.createTexture called for file textures/items/mod/medGasCan.png, but that file does not exist. Ignoring.
2013-10-21 17:51:18 [CLIENT] [WARNING] TextureManager.createTexture called for file textures/items/mod/smallGasCan.png, but that file does not exist. Ignoring.
2013-10-21 17:51:18 [CLIENT] [INFO] Found animation info for: textures/items/clock.txt
2013-10-21 17:51:18 [CLIENT] [INFO] Found animation info for: textures/items/compass.txt
2013-10-21 17:53:06 [CLIENT] [INFO] Stopping!
2013-10-21 17:57:35 [CLIENT] [INFO] Setting user: Player697
2013-10-21 17:57:35 [CLIENT] [INFO] LWJGL Version: 2.4.2
2013-10-21 17:57:37 [CLIENT] [WARNING] TextureManager.createTexture called for file textures/blocks/kc/green.png, but that file does not exist. Ignoring.
2013-10-21 17:57:38 [CLIENT] [WARNING] TextureManager.createTexture called for file textures/blocks/kc/blue.png, but that file does not exist. Ignoring.
2013-10-21 17:57:38 [CLIENT] [WARNING] TextureManager.createTexture called for file textures/blocks/kc/black.png, but that file does not exist. Ignoring.
2013-10-21 17:57:38 [CLIENT] [WARNING] TextureManager.createTexture called for file textures/blocks/kc/red.png, but that file does not exist. Ignoring.
2013-10-21 17:57:38 [CLIENT] [WARNING] TextureManager.createTexture called for file textures/blocks/kc/tile.Black Tiles.png, but that file does not exist. Ignoring.
2013-10-21 17:57:38 [CLIENT] [INFO] Found animation info for: textures/blocks/lava_flow.txt
2013-10-21 17:57:38 [CLIENT] [INFO] Found animation info for: textures/blocks/water_flow.txt
2013-10-21 17:57:38 [CLIENT] [INFO] Found animation info for: textures/blocks/fire_0.txt
2013-10-21 17:57:38 [CLIENT] [INFO] Found animation info for: textures/blocks/fire_1.txt
2013-10-21 17:57:38 [CLIENT] [INFO] Found animation info for: textures/blocks/lava.txt
2013-10-21 17:57:38 [CLIENT] [INFO] Found animation info for: textures/blocks/portal.txt
2013-10-21 17:57:38 [CLIENT] [INFO] Found animation info for: textures/blocks/water.txt
2013-10-21 17:57:38 [CLIENT] [WARNING] TextureManager.createTexture called for file textures/items/mod/largeGasCan.png, but that file does not exist. Ignoring.
2013-10-21 17:57:38 [CLIENT] [WARNING] TextureManager.createTexture called for file textures/items/null.png, but that file does not exist. Ignoring.
2013-10-21 17:57:38 [CLIENT] [WARNING] TextureManager.createTexture called for file textures/items/mod/medGasCan.png, but that file does not exist. Ignoring.
2013-10-21 17:57:38 [CLIENT] [WARNING] TextureManager.createTexture called for file textures/items/mod/smallGasCan.png, but that file does not exist. Ignoring.
2013-10-21 17:57:38 [CLIENT] [INFO] Found animation info for: textures/items/clock.txt
2013-10-21 17:57:38 [CLIENT] [INFO] Found animation info for: textures/items/compass.txt
2013-10-21 17:57:38 [CLIENT] [WARNING] TextureManager.createTexture called for file textures/blocks/kc/green.png, but that file does not exist. Ignoring.
2013-10-21 17:57:38 [CLIENT] [WARNING] TextureManager.createTexture called for file textures/blocks/kc/blue.png, but that file does not exist. Ignoring.
2013-10-21 17:57:38 [CLIENT] [WARNING] TextureManager.createTexture called for file textures/blocks/kc/black.png, but that file does not exist. Ignoring.
2013-10-21 17:57:38 [CLIENT] [WARNING] TextureManager.createTexture called for file textures/blocks/kc/red.png, but that file does not exist. Ignoring.
2013-10-21 17:57:38 [CLIENT] [WARNING] TextureManager.createTexture called for file textures/blocks/kc/tile.Black Tiles.png, but that file does not exist. Ignoring.
2013-10-21 17:57:38 [CLIENT] [INFO] Found animation info for: textures/blocks/lava_flow.txt
2013-10-21 17:57:38 [CLIENT] [INFO] Found animation info for: textures/blocks/water_flow.txt
2013-10-21 17:57:38 [CLIENT] [INFO] Found animation info for: textures/blocks/fire_0.txt
2013-10-21 17:57:38 [CLIENT] [INFO] Found animation info for: textures/blocks/fire_1.txt
2013-10-21 17:57:38 [CLIENT] [INFO] Found animation info for: textures/blocks/lava.txt
2013-10-21 17:57:38 [CLIENT] [INFO] Found animation info for: textures/blocks/portal.txt
2013-10-21 17:57:38 [CLIENT] [INFO] Found animation info for: textures/blocks/water.txt
2013-10-21 17:57:39 [CLIENT] [WARNING] TextureManager.createTexture called for file textures/items/mod/largeGasCan.png, but that file does not exist. Ignoring.
2013-10-21 17:57:39 [CLIENT] [WARNING] TextureManager.createTexture called for file textures/items/null.png, but that file does not exist. Ignoring.
2013-10-21 17:57:39 [CLIENT] [WARNING] TextureManager.createTexture called for file textures/items/mod/medGasCan.png, but that file does not exist. Ignoring.
2013-10-21 17:57:39 [CLIENT] [WARNING] TextureManager.createTexture called for file textures/items/mod/smallGasCan.png, but that file does not exist. Ignoring.
2013-10-21 17:57:39 [CLIENT] [INFO] Found animation info for: textures/items/clock.txt
2013-10-21 17:57:39 [CLIENT] [INFO] Found animation info for: textures/items/compass.txt
2013-10-21 17:58:24 [CLIENT] [INFO] Stopping!
2013-10-21 18:06:35 [CLIENT] [INFO] Setting user: Player834
2013-10-21 18:06:35 [CLIENT] [INFO] LWJGL Version: 2.4.2
2013-10-21 18:06:37 [CLIENT] [WARNING] TextureManager.createTexture called for file textures/blocks/kc/green.png, but that file does not exist. Ignoring.
2013-10-21 18:06:38 [CLIENT] [WARNING] TextureManager.createTexture called for file textures/blocks/kc/blue.png, but that file does not exist. Ignoring.
2013-10-21 18:06:38 [CLIENT] [WARNING] TextureManager.createTexture called for file textures/blocks/kc/black.png, but that file does not exist. Ignoring.
2013-10-21 18:06:38 [CLIENT] [WARNING] TextureManager.createTexture called for file textures/blocks/kc/red.png, but that file does not exist. Ignoring.
2013-10-21 18:06:38 [CLIENT] [WARNING] TextureManager.createTexture called for file textures/blocks/kc/tile.Black Tiles.png, but that file does not exist. Ignoring.
2013-10-21 18:06:38 [CLIENT] [INFO] Found animation info for: textures/blocks/lava_flow.txt
2013-10-21 18:06:38 [CLIENT] [INFO] Found animation info for: textures/blocks/water_flow.txt
2013-10-21 18:06:38 [CLIENT] [INFO] Found animation info for: textures/blocks/fire_0.txt
2013-10-21 18:06:38 [CLIENT] [INFO] Found animation info for: textures/blocks/fire_1.txt
2013-10-21 18:06:38 [CLIENT] [INFO] Found animation info for: textures/blocks/lava.txt
2013-10-21 18:06:38 [CLIENT] [INFO] Found animation info for: textures/blocks/portal.txt
2013-10-21 18:06:38 [CLIENT] [INFO] Found animation info for: textures/blocks/water.txt
2013-10-21 18:06:38 [CLIENT] [WARNING] TextureManager.createTexture called for file textures/items/mod/largeGasCan.png, but that file does not exist. Ignoring.
2013-10-21 18:06:38 [CLIENT] [WARNING] TextureManager.createTexture called for file textures/items/null.png, but that file does not exist. Ignoring.
2013-10-21 18:06:38 [CLIENT] [WARNING] TextureManager.createTexture called for file textures/items/mod/medGasCan.png, but that file does not exist. Ignoring.
2013-10-21 18:06:38 [CLIENT] [WARNING] TextureManager.createTexture called for file textures/items/mod/smallGasCan.png, but that file does not exist. Ignoring.
2013-10-21 18:06:38 [CLIENT] [INFO] Found animation info for: textures/items/clock.txt
2013-10-21 18:06:38 [CLIENT] [INFO] Found animation info for: textures/items/compass.txt
2013-10-21 18:06:38 [CLIENT] [WARNING] TextureManager.createTexture called for file textures/blocks/kc/green.png, but that file does not exist. Ignoring.
2013-10-21 18:06:38 [CLIENT] [WARNING] TextureManager.createTexture called for file textures/blocks/kc/blue.png, but that file does not exist. Ignoring.
2013-10-21 18:06:38 [CLIENT] [WARNING] TextureManager.createTexture called for file textures/blocks/kc/black.png, but that file does not exist. Ignoring.
2013-10-21 18:06:38 [CLIENT] [WARNING] TextureManager.createTexture called for file textures/blocks/kc/red.png, but that file does not exist. Ignoring.
2013-10-21 18:06:38 [CLIENT] [WARNING] TextureManager.createTexture called for file textures/blocks/kc/tile.Black Tiles.png, but that file does not exist. Ignoring.
2013-10-21 18:06:38 [CLIENT] [INFO] Found animation info for: textures/blocks/lava_flow.txt
2013-10-21 18:06:38 [CLIENT] [INFO] Found animation info for: textures/blocks/water_flow.txt
2013-10-21 18:06:38 [CLIENT] [INFO] Found animation info for: textures/blocks/fire_0.txt
2013-10-21 18:06:38 [CLIENT] [INFO] Found animation info for: textures/blocks/fire_1.txt
2013-10-21 18:06:38 [CLIENT] [INFO] Found animation info for: textures/blocks/lava.txt
2013-10-21 18:06:38 [CLIENT] [INFO] Found animation info for: textures/blocks/portal.txt
2013-10-21 18:06:38 [CLIENT] [INFO] Found animation info for: textures/blocks/water.txt
2013-10-21 18:06:38 [CLIENT] [WARNING] TextureManager.createTexture called for file textures/items/mod/largeGasCan.png, but that file does not exist. Ignoring.
2013-10-21 18:06:38 [CLIENT] [WARNING] TextureManager.createTexture called for file textures/items/null.png, but that file does not exist. Ignoring.
2013-10-21 18:06:38 [CLIENT] [WARNING] TextureManager.createTexture called for file textures/items/mod/medGasCan.png, but that file does not exist. Ignoring.
2013-10-21 18:06:38 [CLIENT] [WARNING] TextureManager.createTexture called for file textures/items/mod/smallGasCan.png, but that file does not exist. Ignoring.
2013-10-21 18:06:39 [CLIENT] [INFO] Found animation info for: textures/items/clock.txt
2013-10-21 18:06:39 [CLIENT] [INFO] Found animation info for: textures/items/compass.txt
2013-10-21 18:09:44 [CLIENT] [INFO] Stopping!
2013-10-21 18:21:50 [CLIENT] [INFO] Setting user: Player479
2013-10-21 18:21:51 [CLIENT] [INFO] LWJGL Version: 2.4.2
2013-10-21 18:21:53 [CLIENT] [WARNING] TextureManager.createTexture called for file textures/blocks/kc/green.png, but that file does not exist. Ignoring.
2013-10-21 18:21:53 [CLIENT] [WARNING] TextureManager.createTexture called for file textures/blocks/kc/blue.png, but that file does not exist. Ignoring.
2013-10-21 18:21:53 [CLIENT] [WARNING] TextureManager.createTexture called for file textures/blocks/kc/black.png, but that file does not exist. Ignoring.
2013-10-21 18:21:53 [CLIENT] [WARNING] TextureManager.createTexture called for file textures/blocks/kc/red.png, but that file does not exist. Ignoring.
2013-10-21 18:21:53 [CLIENT] [WARNING] TextureManager.createTexture called for file textures/blocks/kc/tile.Black Tiles.png, but that file does not exist. Ignoring.
2013-10-21 18:21:54 [CLIENT] [INFO] Found animation info for: textures/blocks/lava_flow.txt
2013-10-21 18:21:54 [CLIENT] [INFO] Found animation info for: textures/blocks/water_flow.txt
2013-10-21 18:21:54 [CLIENT] [INFO] Found animation info for: textures/blocks/fire_0.txt
2013-10-21 18:21:54 [CLIENT] [INFO] Found animation info for: textures/blocks/fire_1.txt
2013-10-21 18:21:54 [CLIENT] [INFO] Found animation info for: textures/blocks/lava.txt
2013-10-21 18:21:54 [CLIENT] [INFO] Found animation info for: textures/blocks/portal.txt
2013-10-21 18:21:54 [CLIENT] [INFO] Found animation info for: textures/blocks/water.txt
2013-10-21 18:21:54 [CLIENT] [WARNING] TextureManager.createTexture called for file textures/items/mod/largeGasCan.png, but that file does not exist. Ignoring.
2013-10-21 18:21:54 [CLIENT] [WARNING] TextureManager.createTexture called for file textures/items/itemKnife.png, but that file does not exist. Ignoring.
2013-10-21 18:21:54 [CLIENT] [WARNING] TextureManager.createTexture called for file textures/items/mod/medGasCan.png, but that file does not exist. Ignoring.
2013-10-21 18:21:54 [CLIENT] [WARNING] TextureManager.createTexture called for file textures/items/mod/smallGasCan.png, but that file does not exist. Ignoring.
2013-10-21 18:21:54 [CLIENT] [WARNING] TextureManager.createTexture called for file textures/items/mod/emptyCan.png, but that file does not exist. Ignoring.
2013-10-21 18:21:54 [CLIENT] [INFO] Found animation info for: textures/items/clock.txt
2013-10-21 18:21:54 [CLIENT] [INFO] Found animation info for: textures/items/compass.txt
2013-10-21 18:21:54 [CLIENT] [WARNING] TextureManager.createTexture called for file textures/blocks/kc/green.png, but that file does not exist. Ignoring.
2013-10-21 18:21:54 [CLIENT] [WARNING] TextureManager.createTexture called for file textures/blocks/kc/blue.png, but that file does not exist. Ignoring.
2013-10-21 18:21:54 [CLIENT] [WARNING] TextureManager.createTexture called for file textures/blocks/kc/black.png, but that file does not exist. Ignoring.
2013-10-21 18:21:54 [CLIENT] [WARNING] TextureManager.createTexture called for file textures/blocks/kc/red.png, but that file does not exist. Ignoring.
2013-10-21 18:21:54 [CLIENT] [WARNING] TextureManager.createTexture called for file textures/blocks/kc/tile.Black Tiles.png, but that file does not exist. Ignoring.
2013-10-21 18:21:54 [CLIENT] [INFO] Found animation info for: textures/blocks/lava_flow.txt
2013-10-21 18:21:54 [CLIENT] [INFO] Found animation info for: textures/blocks/water_flow.txt
2013-10-21 18:21:54 [CLIENT] [INFO] Found animation info for: textures/blocks/fire_0.txt
2013-10-21 18:21:54 [CLIENT] [INFO] Found animation info for: textures/blocks/fire_1.txt
2013-10-21 18:21:54 [CLIENT] [INFO] Found animation info for: textures/blocks/lava.txt
2013-10-21 18:21:54 [CLIENT] [INFO] Found animation info for: textures/blocks/portal.txt
2013-10-21 18:21:54 [CLIENT] [INFO] Found animation info for: textures/blocks/water.txt
2013-10-21 18:21:54 [CLIENT] [WARNING] TextureManager.createTexture called for file textures/items/mod/largeGasCan.png, but that file does not exist. Ignoring.
2013-10-21 18:21:54 [CLIENT] [WARNING] TextureManager.createTexture called for file textures/items/itemKnife.png, but that file does not exist. Ignoring.
2013-10-21 18:21:54 [CLIENT] [WARNING] TextureManager.createTexture called for file textures/items/mod/medGasCan.png, but that file does not exist. Ignoring.
2013-10-21 18:21:54 [CLIENT] [WARNING] TextureManager.createTexture called for file textures/items/mod/smallGasCan.png, but that file does not exist. Ignoring.
2013-10-21 18:21:54 [CLIENT] [WARNING] TextureManager.createTexture called for file textures/items/mod/emptyCan.png, but that file does not exist. Ignoring.
2013-10-21 18:21:54 [CLIENT] [INFO] Found animation info for: textures/items/clock.txt
2013-10-21 18:21:54 [CLIENT] [INFO] Found animation info for: textures/items/compass.txt
2013-10-21 18:22:44 [CLIENT] [INFO] [CHAT] Set the time to 0
2013-10-21 18:22:51 [CLIENT] [INFO] Stopping!
