2013-10-21 17:22:01 [SERVER] [INFO] Starting integrated minecraft server version 1.5.2
2013-10-21 17:22:01 [SERVER] [INFO] Generating keypair
2013-10-21 17:22:02 [SERVER] [INFO] Preparing start region for level 0
2013-10-21 17:22:03 [SERVER] [INFO] Player46[/127.0.0.1:0] logged in with entity id 43 at (1.5, 237.0, 6.5)
2013-10-21 17:23:11 [SERVER] [INFO] Saving and pausing game...
2013-10-21 17:23:11 [SERVER] [INFO] Saving chunks for level 'HEY ANT TEST ON THIS WORLD'/Overworld
2013-10-21 17:23:11 [SERVER] [INFO] Saving chunks for level 'HEY ANT TEST ON THIS WORLD'/Nether
2013-10-21 17:23:11 [SERVER] [INFO] Saving chunks for level 'HEY ANT TEST ON THIS WORLD'/The End
2013-10-21 17:23:27 [SERVER] [INFO] Saving and pausing game...
2013-10-21 17:23:27 [SERVER] [INFO] Saving chunks for level 'HEY ANT TEST ON THIS WORLD'/Overworld
2013-10-21 17:23:27 [SERVER] [INFO] Saving chunks for level 'HEY ANT TEST ON THIS WORLD'/Nether
2013-10-21 17:23:27 [SERVER] [INFO] Saving chunks for level 'HEY ANT TEST ON THIS WORLD'/The End
2013-10-21 17:23:39 [SERVER] [INFO] Saving and pausing game...
2013-10-21 17:23:39 [SERVER] [INFO] Saving chunks for level 'HEY ANT TEST ON THIS WORLD'/Overworld
2013-10-21 17:23:39 [SERVER] [INFO] Saving chunks for level 'HEY ANT TEST ON THIS WORLD'/Nether
2013-10-21 17:23:39 [SERVER] [INFO] Saving chunks for level 'HEY ANT TEST ON THIS WORLD'/The End
2013-10-21 17:23:47 [SERVER] [INFO] Saving and pausing game...
2013-10-21 17:23:47 [SERVER] [INFO] Saving chunks for level 'HEY ANT TEST ON THIS WORLD'/Overworld
2013-10-21 17:23:47 [SERVER] [INFO] Saving chunks for level 'HEY ANT TEST ON THIS WORLD'/Nether
2013-10-21 17:23:47 [SERVER] [INFO] Saving chunks for level 'HEY ANT TEST ON THIS WORLD'/The End
2013-10-21 17:23:47 [SERVER] [INFO] Stopping server
2013-10-21 17:23:47 [SERVER] [INFO] Saving players
2013-10-21 17:23:47 [SERVER] [INFO] Saving worlds
2013-10-21 17:23:47 [SERVER] [INFO] Saving chunks for level 'HEY ANT TEST ON THIS WORLD'/Overworld
2013-10-21 17:23:47 [SERVER] [INFO] Saving chunks for level 'HEY ANT TEST ON THIS WORLD'/Nether
2013-10-21 17:23:47 [SERVER] [INFO] Saving chunks for level 'HEY ANT TEST ON THIS WORLD'/The End
2013-10-21 17:27:01 [SERVER] [INFO] Starting integrated minecraft server version 1.5.2
2013-10-21 17:27:01 [SERVER] [INFO] Generating keypair
2013-10-21 17:27:01 [SERVER] [INFO] Preparing start region for level 0
2013-10-21 17:27:02 [SERVER] [INFO] Player370[/127.0.0.1:0] logged in with entity id 43 at (2.0784996475713475, 237.0, 5.442780471754304)
2013-10-21 17:28:36 [SERVER] [INFO] Saving and pausing game...
2013-10-21 17:28:36 [SERVER] [INFO] Saving chunks for level 'HEY ANT TEST ON THIS WORLD'/Overworld
2013-10-21 17:28:36 [SERVER] [INFO] Saving chunks for level 'HEY ANT TEST ON THIS WORLD'/Nether
2013-10-21 17:28:36 [SERVER] [INFO] Saving chunks for level 'HEY ANT TEST ON THIS WORLD'/The End
2013-10-21 17:28:37 [SERVER] [INFO] Stopping server
2013-10-21 17:28:37 [SERVER] [INFO] Saving players
2013-10-21 17:28:37 [SERVER] [INFO] Saving worlds
2013-10-21 17:28:37 [SERVER] [INFO] Saving chunks for level 'HEY ANT TEST ON THIS WORLD'/Overworld
2013-10-21 17:28:37 [SERVER] [INFO] Saving chunks for level 'HEY ANT TEST ON THIS WORLD'/Nether
2013-10-21 17:28:37 [SERVER] [INFO] Saving chunks for level 'HEY ANT TEST ON THIS WORLD'/The End
2013-10-21 17:51:22 [SERVER] [INFO] Starting integrated minecraft server version 1.5.2
2013-10-21 17:51:22 [SERVER] [INFO] Generating keypair
2013-10-21 17:51:24 [SERVER] [INFO] Preparing start region for level 0
2013-10-21 17:51:25 [SERVER] [INFO] Player832[/127.0.0.1:0] logged in with entity id 43 at (-1.6699725012280888, 237.0, 5.166771567892676)
2013-10-21 17:53:04 [SERVER] [INFO] Saving and pausing game...
2013-10-21 17:53:04 [SERVER] [INFO] Saving chunks for level 'HEY ANT TEST ON THIS WORLD'/Overworld
2013-10-21 17:53:04 [SERVER] [INFO] Saving chunks for level 'HEY ANT TEST ON THIS WORLD'/Nether
2013-10-21 17:53:04 [SERVER] [INFO] Saving chunks for level 'HEY ANT TEST ON THIS WORLD'/The End
2013-10-21 17:53:05 [SERVER] [INFO] Stopping server
2013-10-21 17:53:05 [SERVER] [INFO] Saving players
2013-10-21 17:53:05 [SERVER] [INFO] Saving worlds
2013-10-21 17:53:05 [SERVER] [INFO] Saving chunks for level 'HEY ANT TEST ON THIS WORLD'/Overworld
2013-10-21 17:53:05 [SERVER] [INFO] Saving chunks for level 'HEY ANT TEST ON THIS WORLD'/Nether
2013-10-21 17:53:05 [SERVER] [INFO] Saving chunks for level 'HEY ANT TEST ON THIS WORLD'/The End
2013-10-21 17:58:09 [SERVER] [INFO] Starting integrated minecraft server version 1.5.2
2013-10-21 17:58:09 [SERVER] [INFO] Generating keypair
2013-10-21 17:58:10 [SERVER] [INFO] Preparing start region for level 0
2013-10-21 17:58:11 [SERVER] [INFO] Player697[/127.0.0.1:0] logged in with entity id 16 at (-1.7002729387008495, 237.0, 4.954926545767838)
2013-10-21 17:58:23 [SERVER] [INFO] Saving and pausing game...
2013-10-21 17:58:23 [SERVER] [INFO] Saving chunks for level 'HEY ANT TEST ON THIS WORLD'/Overworld
2013-10-21 17:58:23 [SERVER] [INFO] Saving chunks for level 'HEY ANT TEST ON THIS WORLD'/Nether
2013-10-21 17:58:23 [SERVER] [INFO] Saving chunks for level 'HEY ANT TEST ON THIS WORLD'/The End
2013-10-21 17:58:23 [SERVER] [INFO] Stopping server
2013-10-21 17:58:23 [SERVER] [INFO] Saving players
2013-10-21 17:58:23 [SERVER] [INFO] Saving worlds
2013-10-21 17:58:23 [SERVER] [INFO] Saving chunks for level 'HEY ANT TEST ON THIS WORLD'/Overworld
2013-10-21 17:58:23 [SERVER] [INFO] Saving chunks for level 'HEY ANT TEST ON THIS WORLD'/Nether
2013-10-21 17:58:23 [SERVER] [INFO] Saving chunks for level 'HEY ANT TEST ON THIS WORLD'/The End
2013-10-21 18:06:44 [SERVER] [INFO] Starting integrated minecraft server version 1.5.2
2013-10-21 18:06:44 [SERVER] [INFO] Generating keypair
2013-10-21 18:06:46 [SERVER] [INFO] Preparing start region for level 0
2013-10-21 18:06:47 [SERVER] [INFO] Player834[/127.0.0.1:0] logged in with entity id 16 at (-1.8918148345746066, 237.0, 4.579676800195031)
2013-10-21 18:08:02 [SERVER] [INFO] Saving and pausing game...
2013-10-21 18:08:02 [SERVER] [INFO] Saving chunks for level 'HEY ANT TEST ON THIS WORLD'/Overworld
2013-10-21 18:08:02 [SERVER] [INFO] Saving chunks for level 'HEY ANT TEST ON THIS WORLD'/Nether
2013-10-21 18:08:02 [SERVER] [INFO] Saving chunks for level 'HEY ANT TEST ON THIS WORLD'/The End
2013-10-21 18:09:38 [SERVER] [INFO] Saving and pausing game...
2013-10-21 18:09:38 [SERVER] [INFO] Saving chunks for level 'HEY ANT TEST ON THIS WORLD'/Overworld
2013-10-21 18:09:38 [SERVER] [INFO] Saving chunks for level 'HEY ANT TEST ON THIS WORLD'/Nether
2013-10-21 18:09:38 [SERVER] [INFO] Saving chunks for level 'HEY ANT TEST ON THIS WORLD'/The End
2013-10-21 18:09:39 [SERVER] [INFO] Stopping server
2013-10-21 18:09:39 [SERVER] [INFO] Saving players
2013-10-21 18:09:39 [SERVER] [INFO] Saving worlds
2013-10-21 18:09:39 [SERVER] [INFO] Saving chunks for level 'HEY ANT TEST ON THIS WORLD'/Overworld
2013-10-21 18:09:39 [SERVER] [INFO] Saving chunks for level 'HEY ANT TEST ON THIS WORLD'/Nether
2013-10-21 18:09:39 [SERVER] [INFO] Saving chunks for level 'HEY ANT TEST ON THIS WORLD'/The End
2013-10-21 18:21:59 [SERVER] [INFO] Starting integrated minecraft server version 1.5.2
2013-10-21 18:21:59 [SERVER] [INFO] Generating keypair
2013-10-21 18:22:00 [SERVER] [INFO] Preparing start region for level 0
2013-10-21 18:22:01 [SERVER] [INFO] Player479[/127.0.0.1:0] logged in with entity id 16 at (0.009172702000531718, 238.0, 8.914123887707596)
2013-10-21 18:22:44 [SERVER] [INFO] [Player479: Set the time to 0]
2013-10-21 18:22:47 [SERVER] [INFO] Saving and pausing game...
2013-10-21 18:22:47 [SERVER] [INFO] Saving chunks for level 'HEY ANT TEST ON THIS WORLD'/Overworld
2013-10-21 18:22:47 [SERVER] [INFO] Saving chunks for level 'HEY ANT TEST ON THIS WORLD'/Nether
2013-10-21 18:22:47 [SERVER] [INFO] Saving chunks for level 'HEY ANT TEST ON THIS WORLD'/The End
2013-10-21 18:22:48 [SERVER] [INFO] Stopping server
2013-10-21 18:22:48 [SERVER] [INFO] Saving players
2013-10-21 18:22:48 [SERVER] [INFO] Saving worlds
2013-10-21 18:22:48 [SERVER] [INFO] Saving chunks for level 'HEY ANT TEST ON THIS WORLD'/Overworld
2013-10-21 18:22:48 [SERVER] [INFO] Saving chunks for level 'HEY ANT TEST ON THIS WORLD'/Nether
2013-10-21 18:22:48 [SERVER] [INFO] Saving chunks for level 'HEY ANT TEST ON THIS WORLD'/The End
2013-10-22 18:32:59 [SERVER] [INFO] Starting integrated minecraft server version 1.5.2
2013-10-22 18:32:59 [SERVER] [INFO] Generating keypair
2013-10-22 18:32:59 [SERVER] [INFO] Preparing start region for level 0
2013-10-22 18:33:01 [SERVER] [INFO] Preparing spawn area: 50%
2013-10-22 18:33:02 [SERVER] [INFO] Preparing spawn area: 94%
2013-10-22 18:33:02 [SERVER] [INFO] Player851[/127.0.0.1:0] logged in with entity id 16 at (0.4231293473922702, 237.0, 4.189988762621576)
2013-10-22 18:34:33 [SERVER] [INFO] Saving and pausing game...
2013-10-22 18:34:33 [SERVER] [INFO] Saving chunks for level 'HEY ANT TEST ON THIS WORLD'/Overworld
2013-10-22 18:34:33 [SERVER] [INFO] Saving chunks for level 'HEY ANT TEST ON THIS WORLD'/Nether
2013-10-22 18:34:33 [SERVER] [INFO] Saving chunks for level 'HEY ANT TEST ON THIS WORLD'/The End
2013-10-22 18:34:43 [SERVER] [INFO] Saving and pausing game...
2013-10-22 18:34:43 [SERVER] [INFO] Saving chunks for level 'HEY ANT TEST ON THIS WORLD'/Overworld
2013-10-22 18:34:43 [SERVER] [INFO] Saving chunks for level 'HEY ANT TEST ON THIS WORLD'/Nether
2013-10-22 18:34:43 [SERVER] [INFO] Saving chunks for level 'HEY ANT TEST ON THIS WORLD'/The End
2013-10-22 18:34:43 [SERVER] [INFO] Stopping server
2013-10-22 18:34:43 [SERVER] [INFO] Saving players
2013-10-22 18:34:43 [SERVER] [INFO] Saving worlds
2013-10-22 18:34:43 [SERVER] [INFO] Saving chunks for level 'HEY ANT TEST ON THIS WORLD'/Overworld
2013-10-22 18:34:43 [SERVER] [INFO] Saving chunks for level 'HEY ANT TEST ON THIS WORLD'/Nether
2013-10-22 18:34:43 [SERVER] [INFO] Saving chunks for level 'HEY ANT TEST ON THIS WORLD'/The End
2013-10-22 18:36:26 [SERVER] [INFO] Starting integrated minecraft server version 1.5.2
2013-10-22 18:36:26 [SERVER] [INFO] Generating keypair
2013-10-22 18:36:27 [SERVER] [INFO] Converting map!
2013-10-22 18:36:27 [SERVER] [INFO] Scanning folders...
2013-10-22 18:36:27 [SERVER] [INFO] Total conversion count is 0
2013-10-22 18:36:27 [SERVER] [INFO] Preparing start region for level 0
2013-10-22 18:36:28 [SERVER] [INFO] Preparing spawn area: 10%
2013-10-22 18:36:29 [SERVER] [INFO] Preparing spawn area: 34%
2013-10-22 18:36:30 [SERVER] [INFO] Preparing spawn area: 55%
2013-10-22 18:36:31 [SERVER] [INFO] Preparing spawn area: 73%
2013-10-22 18:36:32 [SERVER] [INFO] Preparing spawn area: 99%
2013-10-22 18:36:32 [SERVER] [INFO] Player368[/127.0.0.1:0] logged in with entity id 253 at (213.5, 76.0, 247.5)
2013-10-22 18:38:51 [SERVER] [INFO] Saving and pausing game...
2013-10-22 18:38:51 [SERVER] [INFO] Saving chunks for level 'World Gen Test'/Overworld
2013-10-22 18:38:51 [SERVER] [INFO] Saving chunks for level 'World Gen Test'/Nether
2013-10-22 18:38:51 [SERVER] [INFO] Saving chunks for level 'World Gen Test'/The End
2013-10-22 18:38:51 [SERVER] [INFO] Stopping server
2013-10-22 18:38:51 [SERVER] [INFO] Saving players
2013-10-22 18:38:51 [SERVER] [INFO] Saving worlds
2013-10-22 18:38:51 [SERVER] [INFO] Saving chunks for level 'World Gen Test'/Overworld
2013-10-22 18:38:51 [SERVER] [INFO] Saving chunks for level 'World Gen Test'/Nether
2013-10-22 18:38:51 [SERVER] [INFO] Saving chunks for level 'World Gen Test'/The End
2013-10-22 18:43:11 [SERVER] [INFO] Starting integrated minecraft server version 1.5.2
2013-10-22 18:43:11 [SERVER] [INFO] Generating keypair
2013-10-22 18:43:12 [SERVER] [INFO] Preparing start region for level 0
2013-10-22 18:43:13 [SERVER] [INFO] Player419[/127.0.0.1:0] logged in with entity id 16 at (-0.464456888252466, 237.0, 5.34583253665839)
2013-10-22 18:43:25 [SERVER] [INFO] Saving and pausing game...
2013-10-22 18:43:25 [SERVER] [INFO] Saving chunks for level 'HEY ANT TEST ON THIS WORLD'/Overworld
2013-10-22 18:43:25 [SERVER] [INFO] Saving chunks for level 'HEY ANT TEST ON THIS WORLD'/Nether
2013-10-22 18:43:25 [SERVER] [INFO] Saving chunks for level 'HEY ANT TEST ON THIS WORLD'/The End
2013-10-22 18:43:26 [SERVER] [INFO] Stopping server
2013-10-22 18:43:26 [SERVER] [INFO] Saving players
2013-10-22 18:43:26 [SERVER] [INFO] Saving worlds
2013-10-22 18:43:26 [SERVER] [INFO] Saving chunks for level 'HEY ANT TEST ON THIS WORLD'/Overworld
2013-10-22 18:43:26 [SERVER] [INFO] Saving chunks for level 'HEY ANT TEST ON THIS WORLD'/Nether
2013-10-22 18:43:26 [SERVER] [INFO] Saving chunks for level 'HEY ANT TEST ON THIS WORLD'/The End
